<?xml version="1.0" encoding="UTF-8"?>
<testsuite name="WordSearchShould" tests="1" skipped="0" failures="0" errors="0" timestamp="2020-01-15T10:23:54" hostname="admins-MBP.office" time="0.003">
  <properties/>
  <testcase name="find_a_word_Diagonal_Left_to_Right_Down" classname="WordSearchShould" time="0.003"/>
  <system-out><![CDATA[]]></system-out>
  <system-err><![CDATA[]]></system-err>
</testsuite>
