<?xml version="1.0" encoding="UTF-8"?>
<testsuite name="WordSearchShould" tests="2" skipped="0" failures="0" errors="0" timestamp="2020-01-15T11:08:14" hostname="admins-MBP.office" time="0.003">
  <properties/>
  <testcase name="find_a_word_Diagonal_Left_to_Right_Down" classname="WordSearchShould" time="0.003"/>
  <testcase name="find_a_word_Horizontal_Left_to_Right" classname="WordSearchShould" time="0.0"/>
  <system-out><![CDATA[]]></system-out>
  <system-err><![CDATA[]]></system-err>
</testsuite>
