<?xml version="1.0" encoding="UTF-8"?>
<testsuite name="WordSearchShould" tests="3" skipped="0" failures="0" errors="0" timestamp="2020-01-10T11:00:23" hostname="admins-MBP.office" time="0.229">
  <properties/>
  <testcase name="work_with_multiple_rows_and_one_word_horizontally" classname="WordSearchShould" time="0.224"/>
  <testcase name="work_with_one_row_and_one_letter_horizontally" classname="WordSearchShould" time="0.005"/>
  <testcase name="work_with_one_row_and_a_three_letter_word_horizontally" classname="WordSearchShould" time="0.0"/>
  <system-out><![CDATA[[Ljava.lang.String;@41edf902
[Ljava.lang.String;@6b690130
]]></system-out>
  <system-err><![CDATA[]]></system-err>
</testsuite>
